<?xml version="1.0" encoding="UTF-8"?>
<!-- Generated by org.testng.reporters.JUnitXMLReporter -->
<testsuite ignored="0" hostname="LAPTOP-T7K377GD" failures="2" tests="2" name="Framework functional tests" time="45.87" errors="0" timestamp="02 окт. 2022 09:43:48 GMT">
  <testcase classname="com.epam.training.student_anton_marhol.framework_practical_task.test.GoogleCloudPricingCalculatorTest" name="browserSetupTest" time="34.752">
    <failure type="org.openqa.selenium.NoSuchElementException" message="no such element: Unable to locate element: {&amp;quot;method&amp;quot;:&amp;quot;css selector&amp;quot;,&amp;quot;selector&amp;quot;:&amp;quot;#select_463&amp;quot;}
  (Session info: chrome=107.0.5304.18)
For documentation on this error, please visit: https://selenium.dev/exceptions/#no_such_element
Build info: version: &amp;apos;4.4.0&amp;apos;, revision: &amp;apos;e5c75ed026a&amp;apos;
System info: host: &amp;apos;LAPTOP-T7K377GD&amp;apos;, ip: &amp;apos;192.168.11.41&amp;apos;, os.name: &amp;apos;Windows 10&amp;apos;, os.arch: &amp;apos;amd64&amp;apos;, os.version: &amp;apos;10.0&amp;apos;, java.version: &amp;apos;11&amp;apos;
Driver info: org.openqa.selenium.chrome.ChromeDriver
Command: [a9eda7cbca8e29f555c030a3c1cefd10, findElement {using=id, value=select_463}]
Capabilities {acceptInsecureCerts: false, browserName: chrome, browserVersion: 107.0.5304.18, chrome: {chromedriverVersion: 107.0.5304.18 (fde5ebf4e16d..., userDataDir: C:\Users\HP\AppData\Local\T...}, goog:chromeOptions: {debuggerAddress: localhost:64453}, networkConnectionEnabled: false, pageLoadStrategy: normal, platformName: WINDOWS, proxy: Proxy(), se:cdp: ws://localhost:64453/devtoo..., se:cdpVersion: 107.0.5304.18, setWindowRect: true, strictFileInteractability: false, timeouts: {implicit: 0, pageLoad: 300000, script: 30000}, unhandledPromptBehavior: dismiss and notify, webauthn:extension:credBlob: true, webauthn:extension:largeBlob: true, webauthn:virtualAuthenticators: true}
Session ID: a9eda7cbca8e29f555c030a3c1cefd10">
      <![CDATA[org.openqa.selenium.NoSuchElementException: no such element: Unable to locate element: {"method":"css selector","selector":"#select_463"}
  (Session info: chrome=107.0.5304.18)
For documentation on this error, please visit: https://selenium.dev/exceptions/#no_such_element
Build info: version: '4.4.0', revision: 'e5c75ed026a'
System info: host: 'LAPTOP-T7K377GD', ip: '192.168.11.41', os.name: 'Windows 10', os.arch: 'amd64', os.version: '10.0', java.version: '11'
Driver info: org.openqa.selenium.chrome.ChromeDriver
Command: [a9eda7cbca8e29f555c030a3c1cefd10, findElement {using=id, value=select_463}]
Capabilities {acceptInsecureCerts: false, browserName: chrome, browserVersion: 107.0.5304.18, chrome: {chromedriverVersion: 107.0.5304.18 (fde5ebf4e16d..., userDataDir: C:\Users\HP\AppData\Local\T...}, goog:chromeOptions: {debuggerAddress: localhost:64453}, networkConnectionEnabled: false, pageLoadStrategy: normal, platformName: WINDOWS, proxy: Proxy(), se:cdp: ws://localhost:64453/devtoo..., se:cdpVersion: 107.0.5304.18, setWindowRect: true, strictFileInteractability: false, timeouts: {implicit: 0, pageLoad: 300000, script: 30000}, unhandledPromptBehavior: dismiss and notify, webauthn:extension:credBlob: true, webauthn:extension:largeBlob: true, webauthn:virtualAuthenticators: true}
Session ID: a9eda7cbca8e29f555c030a3c1cefd10
at org.openqa.selenium.remote.codec.w3c.W3CHttpResponseCodec.createException(W3CHttpResponseCodec.java:200)
at org.openqa.selenium.remote.codec.w3c.W3CHttpResponseCodec.decode(W3CHttpResponseCodec.java:133)
at org.openqa.selenium.remote.codec.w3c.W3CHttpResponseCodec.decode(W3CHttpResponseCodec.java:53)
at org.openqa.selenium.remote.HttpCommandExecutor.execute(HttpCommandExecutor.java:184)
at org.openqa.selenium.remote.service.DriverCommandExecutor.invokeExecute(DriverCommandExecutor.java:167)
at org.openqa.selenium.remote.service.DriverCommandExecutor.execute(DriverCommandExecutor.java:142)
at org.openqa.selenium.remote.RemoteWebDriver.execute(RemoteWebDriver.java:547)
at org.openqa.selenium.remote.ElementLocation$ElementFinder$2.findElement(ElementLocation.java:162)
at org.openqa.selenium.remote.ElementLocation.findElement(ElementLocation.java:60)
at org.openqa.selenium.remote.RemoteWebDriver.findElement(RemoteWebDriver.java:365)
at org.openqa.selenium.remote.RemoteWebDriver.findElement(RemoteWebDriver.java:357)
at org.openqa.selenium.support.pagefactory.DefaultElementLocator.findElement(DefaultElementLocator.java:70)
at org.openqa.selenium.support.pagefactory.internal.LocatingElementHandler.invoke(LocatingElementHandler.java:39)
at com.sun.proxy.$Proxy13.click(Unknown Source)
at com.epam.training.student_anton_marhol.framework_practical_task.page.ParentPage.setNewElement(ParentPage.java:47)
at com.epam.training.student_anton_marhol.framework_practical_task.page.PricingCalculatorTheSecondPage.fillTheSecondPartOfForm(PricingCalculatorTheSecondPage.java:44)
at com.epam.training.student_anton_marhol.framework_practical_task.test.GoogleCloudPricingCalculatorTest.browserSetupTest(GoogleCloudPricingCalculatorTest.java:23)
... Removed 33 stack frames]]>
    </failure>
  </testcase> <!-- browserSetupTest -->
  <testcase classname="com.epam.training.student_anton_marhol.framework_practical_task.test.GoogleCloudPricingCalculatorTest" name="totalEstimatedCostTest" time="0.004">
    <failure type="java.lang.NullPointerException" message="null value in entry: handle=null">
      <![CDATA[java.lang.NullPointerException: null value in entry: handle=null
at com.google.common.collect.CollectPreconditions.checkEntryNotNull(CollectPreconditions.java:33)
at com.google.common.collect.SingletonImmutableBiMap.<init>(SingletonImmutableBiMap.java:43)
at com.google.common.collect.ImmutableBiMap.of(ImmutableBiMap.java:81)
at com.google.common.collect.ImmutableMap.of(ImmutableMap.java:128)
at org.openqa.selenium.remote.DriverCommand.SWITCH_TO_WINDOW(DriverCommand.java:273)
at org.openqa.selenium.remote.RemoteWebDriver$RemoteTargetLocator.window(RemoteWebDriver.java:1084)
at com.epam.training.student_anton_marhol.framework_practical_task.page.ResultPage.lookForEstimatedCostInMail(ResultPage.java:35)
at com.epam.training.student_anton_marhol.framework_practical_task.test.GoogleCloudPricingCalculatorTest.totalEstimatedCostTest(GoogleCloudPricingCalculatorTest.java:41)
... Removed 29 stack frames]]>
    </failure>
  </testcase> <!-- totalEstimatedCostTest -->
</testsuite> <!-- Framework functional tests -->
