<?xml version="1.0" encoding="UTF-8"?>
<testng-results ignored="0" total="2" passed="0" failed="2" skipped="0">
  <reporter-output>
  </reporter-output>
<<<<<<< HEAD
  <suite started-at="2022-10-04T07:15:57Z" name="Framework functional tests" finished-at="2022-10-04T07:16:46Z" duration-ms="49401">
    <groups>
    </groups>
    <test started-at="2022-10-04T07:15:57Z" name="Framework functional tests" finished-at="2022-10-04T07:16:46Z" duration-ms="49401">
      <class name="com.epam.training.student_anton_marhol.framework_practical_task.test.GoogleCloudPricingCalculatorTest">
        <test-method is-config="true" signature="browserSetup()[pri:0, instance:com.epam.training.student_anton_marhol.framework_practical_task.test.GoogleCloudPricingCalculatorTest@31f9b85e]" started-at="2022-10-04T07:15:57Z" name="browserSetup" finished-at="2022-10-04T07:16:08Z" duration-ms="11146" status="PASS">
          <reporter-output>
          </reporter-output>
        </test-method> <!-- browserSetup -->
        <test-method signature="browserSetupTest()[pri:0, instance:com.epam.training.student_anton_marhol.framework_practical_task.test.GoogleCloudPricingCalculatorTest@31f9b85e]" started-at="2022-10-04T07:16:08Z" name="browserSetupTest" finished-at="2022-10-04T07:16:42Z" duration-ms="33634" status="FAIL">
          <exception class="org.openqa.selenium.TimeoutException">
            <message>
              <![CDATA[Expected condition failed: waiting for invisibility of [[FirefoxDriver: firefox on WINDOWS (eaa73729-b05d-4831-9599-4d40ba4b2ca2)] -> xpath: //md-option/child::div[contains(text(),'N1')]] (tried for 5 second(s) with 500 milliseconds interval)
Build info: version: '4.4.0', revision: 'e5c75ed026a'
System info: host: 'LAPTOP-T7K377GD', ip: '192.168.71.41', os.name: 'Windows 10', os.arch: 'amd64', os.version: '10.0', java.version: '11'
Driver info: org.openqa.selenium.firefox.FirefoxDriver
Capabilities {acceptInsecureCerts: true, browserName: firefox, browserVersion: 105.0.1, moz:accessibilityChecks: false, moz:buildID: 20220922151854, moz:debuggerAddress: 127.0.0.1:56418, moz:geckodriverVersion: 0.31.0, moz:headless: false, moz:platformVersion: 10.0, moz:processID: 4760, moz:profile: C:\Users\HP\AppData\Local\T..., moz:shutdownTimeout: 60000, moz:useNonSpecCompliantPointerOrigin: false, moz:webdriverClick: true, moz:windowless: false, pageLoadStrategy: normal, platformName: WINDOWS, proxy: Proxy(), se:cdp: ws://127.0.0.1:56418/devtoo..., se:cdpVersion: 85.0, setWindowRect: true, strictFileInteractability: false, timeouts: {implicit: 0, pageLoad: 300000, script: 30000}, unhandledPromptBehavior: dismiss and notify}
Session ID: eaa73729-b05d-4831-9599-4d40ba4b2ca2]]>
            </message>
            <full-stacktrace>
              <![CDATA[org.openqa.selenium.TimeoutException: Expected condition failed: waiting for invisibility of [[FirefoxDriver: firefox on WINDOWS (eaa73729-b05d-4831-9599-4d40ba4b2ca2)] -> xpath: //md-option/child::div[contains(text(),'N1')]] (tried for 5 second(s) with 500 milliseconds interval)
Build info: version: '4.4.0', revision: 'e5c75ed026a'
System info: host: 'LAPTOP-T7K377GD', ip: '192.168.71.41', os.name: 'Windows 10', os.arch: 'amd64', os.version: '10.0', java.version: '11'
Driver info: org.openqa.selenium.firefox.FirefoxDriver
Capabilities {acceptInsecureCerts: true, browserName: firefox, browserVersion: 105.0.1, moz:accessibilityChecks: false, moz:buildID: 20220922151854, moz:debuggerAddress: 127.0.0.1:56418, moz:geckodriverVersion: 0.31.0, moz:headless: false, moz:platformVersion: 10.0, moz:processID: 4760, moz:profile: C:\Users\HP\AppData\Local\T..., moz:shutdownTimeout: 60000, moz:useNonSpecCompliantPointerOrigin: false, moz:webdriverClick: true, moz:windowless: false, pageLoadStrategy: normal, platformName: WINDOWS, proxy: Proxy(), se:cdp: ws://127.0.0.1:56418/devtoo..., se:cdpVersion: 85.0, setWindowRect: true, strictFileInteractability: false, timeouts: {implicit: 0, pageLoad: 300000, script: 30000}, unhandledPromptBehavior: dismiss and notify}
Session ID: eaa73729-b05d-4831-9599-4d40ba4b2ca2
at org.openqa.selenium.support.ui.WebDriverWait.timeoutException(WebDriverWait.java:87)
at org.openqa.selenium.support.ui.FluentWait.until(FluentWait.java:231)
at com.epam.training.student_anton_marhol.framework_practical_task.page.ParentPage.waitForElementInvisibility(ParentPage.java:58)
at com.epam.training.student_anton_marhol.framework_practical_task.page.ParentPage.setNewElement(ParentPage.java:53)
at com.epam.training.student_anton_marhol.framework_practical_task.page.PricingCalculatorTheFirstPage.fillTheFisrstPartOfForm(PricingCalculatorTheFirstPage.java:48)
at com.epam.training.student_anton_marhol.framework_practical_task.test.GoogleCloudPricingCalculatorTest.browserSetupTest(GoogleCloudPricingCalculatorTest.java:22)
=======
  <suite started-at="2022-10-04T06:44:44Z" name="Framework functional tests" finished-at="2022-10-04T06:44:51Z" duration-ms="7347">
    <groups>
    </groups>
    <test started-at="2022-10-04T06:44:44Z" name="Framework functional tests" finished-at="2022-10-04T06:44:51Z" duration-ms="7347">
      <class name="com.epam.training.student_anton_marhol.framework_practical_task.test.GoogleCloudPricingCalculatorTest">
        <test-method is-config="true" signature="browserSetup()[pri:0, instance:com.epam.training.student_anton_marhol.framework_practical_task.test.GoogleCloudPricingCalculatorTest@31f9b85e]" started-at="2022-10-04T06:44:44Z" name="browserSetup" finished-at="2022-10-04T06:44:50Z" duration-ms="6282" status="PASS">
          <reporter-output>
          </reporter-output>
        </test-method> <!-- browserSetup -->
        <test-method signature="browserSetupTest()[pri:0, instance:com.epam.training.student_anton_marhol.framework_practical_task.test.GoogleCloudPricingCalculatorTest@31f9b85e]" started-at="2022-10-04T06:44:50Z" name="browserSetupTest" finished-at="2022-10-04T06:44:50Z" duration-ms="15" status="FAIL">
          <exception class="java.lang.ExceptionInInitializerError">
            <full-stacktrace>
              <![CDATA[java.lang.ExceptionInInitializerError
at com.epam.training.student_anton_marhol.framework_practical_task.service.InstancesCreator.withCredentialsFromProperties(InstancesCreator.java:21)
at com.epam.training.student_anton_marhol.framework_practical_task.test.GoogleCloudPricingCalculatorTest.browserSetupTest(GoogleCloudPricingCalculatorTest.java:16)
>>>>>>> 76bda087ce1475a3b159fa232b114c6b89fc6f0c
at java.base/jdk.internal.reflect.NativeMethodAccessorImpl.invoke0(Native Method)
at java.base/jdk.internal.reflect.NativeMethodAccessorImpl.invoke(NativeMethodAccessorImpl.java:62)
at java.base/jdk.internal.reflect.DelegatingMethodAccessorImpl.invoke(DelegatingMethodAccessorImpl.java:43)
at java.base/java.lang.reflect.Method.invoke(Method.java:566)
at org.testng.internal.MethodInvocationHelper.invokeMethod(MethodInvocationHelper.java:124)
at org.testng.internal.Invoker.invokeMethod(Invoker.java:583)
at org.testng.internal.Invoker.invokeTestMethod(Invoker.java:719)
at org.testng.internal.Invoker.invokeTestMethods(Invoker.java:989)
at org.testng.internal.TestMethodWorker.invokeTestMethods(TestMethodWorker.java:125)
at org.testng.internal.TestMethodWorker.run(TestMethodWorker.java:109)
at org.testng.TestRunner.privateRun(TestRunner.java:648)
at org.testng.TestRunner.run(TestRunner.java:505)
at org.testng.SuiteRunner.runTest(SuiteRunner.java:455)
at org.testng.SuiteRunner.runSequentially(SuiteRunner.java:450)
at org.testng.SuiteRunner.privateRun(SuiteRunner.java:415)
at org.testng.SuiteRunner.run(SuiteRunner.java:364)
at org.testng.SuiteRunnerWorker.runSuite(SuiteRunnerWorker.java:52)
at org.testng.SuiteRunnerWorker.run(SuiteRunnerWorker.java:84)
at org.testng.TestNG.runSuitesSequentially(TestNG.java:1208)
at org.testng.TestNG.runSuitesLocally(TestNG.java:1137)
at org.testng.TestNG.runSuites(TestNG.java:1049)
at org.testng.TestNG.run(TestNG.java:1017)
at org.apache.maven.surefire.testng.TestNGExecutor.run(TestNGExecutor.java:283)
at org.apache.maven.surefire.testng.TestNGXmlTestSuite.execute(TestNGXmlTestSuite.java:75)
at org.apache.maven.surefire.testng.TestNGProvider.invoke(TestNGProvider.java:120)
at org.apache.maven.surefire.booter.ForkedBooter.invokeProviderInSameClassLoader(ForkedBooter.java:384)
at org.apache.maven.surefire.booter.ForkedBooter.runSuitesInProcess(ForkedBooter.java:345)
at org.apache.maven.surefire.booter.ForkedBooter.execute(ForkedBooter.java:126)
at org.apache.maven.surefire.booter.ForkedBooter.main(ForkedBooter.java:418)
<<<<<<< HEAD
]]>
            </full-stacktrace>
          </exception> <!-- org.openqa.selenium.TimeoutException -->
          <reporter-output>
          </reporter-output>
        </test-method> <!-- browserSetupTest -->
        <test-method signature="totalEstimatedCostTest()[pri:1, instance:com.epam.training.student_anton_marhol.framework_practical_task.test.GoogleCloudPricingCalculatorTest@31f9b85e]" started-at="2022-10-04T07:16:42Z" name="totalEstimatedCostTest" finished-at="2022-10-04T07:16:42Z" duration-ms="3" status="FAIL">
=======
Caused by: java.lang.NullPointerException
at java.base/java.util.ResourceBundle$CacheKey.hashCode(ResourceBundle.java:744)
at java.base/java.util.concurrent.ConcurrentHashMap.get(ConcurrentHashMap.java:936)
at java.base/java.util.ResourceBundle.getBundleImpl(ResourceBundle.java:1629)
at java.base/java.util.ResourceBundle.getBundleImpl(ResourceBundle.java:1593)
at java.base/java.util.ResourceBundle.getBundleImpl(ResourceBundle.java:1556)
at java.base/java.util.ResourceBundle.getBundle(ResourceBundle.java:857)
at com.epam.training.student_anton_marhol.framework_practical_task.service.InstancesReader.<clinit>(InstancesReader.java:7)
... 31 more
]]>
            </full-stacktrace>
          </exception> <!-- java.lang.ExceptionInInitializerError -->
          <reporter-output>
          </reporter-output>
        </test-method> <!-- browserSetupTest -->
        <test-method signature="totalEstimatedCostTest()[pri:1, instance:com.epam.training.student_anton_marhol.framework_practical_task.test.GoogleCloudPricingCalculatorTest@31f9b85e]" started-at="2022-10-04T06:44:51Z" name="totalEstimatedCostTest" finished-at="2022-10-04T06:44:51Z" duration-ms="15" status="FAIL">
>>>>>>> 76bda087ce1475a3b159fa232b114c6b89fc6f0c
          <exception class="java.lang.NullPointerException">
            <message>
              <![CDATA[null value in entry: handle=null]]>
            </message>
            <full-stacktrace>
              <![CDATA[java.lang.NullPointerException: null value in entry: handle=null
at com.google.common.collect.CollectPreconditions.checkEntryNotNull(CollectPreconditions.java:33)
at com.google.common.collect.SingletonImmutableBiMap.<init>(SingletonImmutableBiMap.java:43)
at com.google.common.collect.ImmutableBiMap.of(ImmutableBiMap.java:81)
at com.google.common.collect.ImmutableMap.of(ImmutableMap.java:128)
at org.openqa.selenium.remote.DriverCommand.SWITCH_TO_WINDOW(DriverCommand.java:273)
at org.openqa.selenium.remote.RemoteWebDriver$RemoteTargetLocator.window(RemoteWebDriver.java:1084)
at com.epam.training.student_anton_marhol.framework_practical_task.page.ResultPage.lookForTotalEstimatedCostInMail(ResultPage.java:31)
at com.epam.training.student_anton_marhol.framework_practical_task.test.GoogleCloudPricingCalculatorTest.totalEstimatedCostTest(GoogleCloudPricingCalculatorTest.java:43)
at java.base/jdk.internal.reflect.NativeMethodAccessorImpl.invoke0(Native Method)
at java.base/jdk.internal.reflect.NativeMethodAccessorImpl.invoke(NativeMethodAccessorImpl.java:62)
at java.base/jdk.internal.reflect.DelegatingMethodAccessorImpl.invoke(DelegatingMethodAccessorImpl.java:43)
at java.base/java.lang.reflect.Method.invoke(Method.java:566)
at org.testng.internal.MethodInvocationHelper.invokeMethod(MethodInvocationHelper.java:124)
at org.testng.internal.Invoker.invokeMethod(Invoker.java:583)
at org.testng.internal.Invoker.invokeTestMethod(Invoker.java:719)
at org.testng.internal.Invoker.invokeTestMethods(Invoker.java:989)
at org.testng.internal.TestMethodWorker.invokeTestMethods(TestMethodWorker.java:125)
at org.testng.internal.TestMethodWorker.run(TestMethodWorker.java:109)
at org.testng.TestRunner.privateRun(TestRunner.java:648)
at org.testng.TestRunner.run(TestRunner.java:505)
at org.testng.SuiteRunner.runTest(SuiteRunner.java:455)
at org.testng.SuiteRunner.runSequentially(SuiteRunner.java:450)
at org.testng.SuiteRunner.privateRun(SuiteRunner.java:415)
at org.testng.SuiteRunner.run(SuiteRunner.java:364)
at org.testng.SuiteRunnerWorker.runSuite(SuiteRunnerWorker.java:52)
at org.testng.SuiteRunnerWorker.run(SuiteRunnerWorker.java:84)
at org.testng.TestNG.runSuitesSequentially(TestNG.java:1208)
at org.testng.TestNG.runSuitesLocally(TestNG.java:1137)
at org.testng.TestNG.runSuites(TestNG.java:1049)
at org.testng.TestNG.run(TestNG.java:1017)
at org.apache.maven.surefire.testng.TestNGExecutor.run(TestNGExecutor.java:283)
at org.apache.maven.surefire.testng.TestNGXmlTestSuite.execute(TestNGXmlTestSuite.java:75)
at org.apache.maven.surefire.testng.TestNGProvider.invoke(TestNGProvider.java:120)
at org.apache.maven.surefire.booter.ForkedBooter.invokeProviderInSameClassLoader(ForkedBooter.java:384)
at org.apache.maven.surefire.booter.ForkedBooter.runSuitesInProcess(ForkedBooter.java:345)
at org.apache.maven.surefire.booter.ForkedBooter.execute(ForkedBooter.java:126)
at org.apache.maven.surefire.booter.ForkedBooter.main(ForkedBooter.java:418)
]]>
            </full-stacktrace>
          </exception> <!-- java.lang.NullPointerException -->
          <reporter-output>
          </reporter-output>
        </test-method> <!-- totalEstimatedCostTest -->
<<<<<<< HEAD
        <test-method is-config="true" signature="browserShutDown()[pri:0, instance:com.epam.training.student_anton_marhol.framework_practical_task.test.GoogleCloudPricingCalculatorTest@31f9b85e]" started-at="2022-10-04T07:16:42Z" name="browserShutDown" finished-at="2022-10-04T07:16:46Z" duration-ms="4044" status="PASS">
=======
        <test-method is-config="true" signature="browserShutDown()[pri:0, instance:com.epam.training.student_anton_marhol.framework_practical_task.test.GoogleCloudPricingCalculatorTest@31f9b85e]" started-at="2022-10-04T06:44:51Z" name="browserShutDown" finished-at="2022-10-04T06:44:51Z" duration-ms="704" status="PASS">
>>>>>>> 76bda087ce1475a3b159fa232b114c6b89fc6f0c
          <reporter-output>
          </reporter-output>
        </test-method> <!-- browserShutDown -->
      </class> <!-- com.epam.training.student_anton_marhol.framework_practical_task.test.GoogleCloudPricingCalculatorTest -->
    </test> <!-- Framework functional tests -->
  </suite> <!-- Framework functional tests -->
</testng-results>
